<?xml version="1.0" encoding="UTF-8"?>
<testng-results ignored="0" total="5" passed="5" failed="0" skipped="0">
  <reporter-output>
  </reporter-output>
  <suite started-at="2023-03-04T11:31:48Z" name="Default suite" finished-at="2023-03-04T11:31:54Z" duration-ms="5342">
    <groups>
    </groups>
    <test started-at="2023-03-04T11:31:48Z" name="Default test" finished-at="2023-03-04T11:31:54Z" duration-ms="5342">
      <class name="org.restTestNg.RestassureedTestNg">
        <test-method signature="get_01()[pri:1, instance:org.restTestNg.RestassureedTestNg@1e6454ec]" started-at="2023-03-04T11:31:48Z" name="get_01" finished-at="2023-03-04T11:31:51Z" duration-ms="2635" status="PASS">
          <reporter-output>
          </reporter-output>
        </test-method> <!-- get_01 -->
        <test-method signature="get_02()[pri:2, instance:org.restTestNg.RestassureedTestNg@1e6454ec]" started-at="2023-03-04T11:31:51Z" name="get_02" finished-at="2023-03-04T11:31:51Z" duration-ms="206" status="PASS">
          <reporter-output>
          </reporter-output>
        </test-method> <!-- get_02 -->
        <test-method signature="post_01()[pri:3, instance:org.restTestNg.RestassureedTestNg@1e6454ec]" started-at="2023-03-04T11:31:51Z" name="post_01" finished-at="2023-03-04T11:31:52Z" duration-ms="698" status="PASS">
          <reporter-output>
          </reporter-output>
        </test-method> <!-- post_01 -->
        <test-method signature="put_tc01()[pri:4, instance:org.restTestNg.RestassureedTestNg@1e6454ec]" started-at="2023-03-04T11:31:52Z" name="put_tc01" finished-at="2023-03-04T11:31:52Z" duration-ms="601" status="PASS">
          <reporter-output>
          </reporter-output>
        </test-method> <!-- put_tc01 -->
        <test-method signature="delete_tc01()[pri:5, instance:org.restTestNg.RestassureedTestNg@1e6454ec]" started-at="2023-03-04T11:31:52Z" name="delete_tc01" finished-at="2023-03-04T11:31:54Z" duration-ms="1125" status="PASS">
          <reporter-output>
          </reporter-output>
        </test-method> <!-- delete_tc01 -->
      </class> <!-- org.restTestNg.RestassureedTestNg -->
    </test> <!-- Default test -->
  </suite> <!-- Default suite -->
</testng-results>
